\BOOKMARK [1][-]{section.1}{Introduction}{}% 1
\BOOKMARK [1][-]{section.2}{Theory}{}% 2
\BOOKMARK [2][-]{subsection.2.1}{Rewriting the problem to a matrix problem}{section.2}% 3
\BOOKMARK [2][-]{subsection.2.2}{An analytical solution}{section.2}% 4
\BOOKMARK [1][-]{section.3}{Method}{}% 5
\BOOKMARK [2][-]{subsection.3.1}{Algorithm}{section.3}% 6
\BOOKMARK [2][-]{subsection.3.2}{The general tridiagonal matrix}{section.3}% 7
\BOOKMARK [2][-]{subsection.3.3}{This specific tridiagonal matrix}{section.3}% 8
\BOOKMARK [2][-]{subsection.3.4}{LU decomposition}{section.3}% 9
\BOOKMARK [2][-]{subsection.3.5}{Relative error}{section.3}% 10
\BOOKMARK [1][-]{section.4}{Result}{}% 11
\BOOKMARK [2][-]{subsection.4.1}{The computer time}{section.4}% 12
\BOOKMARK [2][-]{subsection.4.2}{Nummerical precision}{section.4}% 13
\BOOKMARK [1][-]{section.5}{Discussion}{}% 14
\BOOKMARK [2][-]{subsection.5.1}{Floating point operations}{section.5}% 15
\BOOKMARK [3][-]{subsubsection.5.1.1}{Algorithm of the general tridiagonal matrix}{subsection.5.1}% 16
\BOOKMARK [3][-]{subsubsection.5.1.2}{Algorithm of the specific tridiagonal matrix}{subsection.5.1}% 17
\BOOKMARK [3][-]{subsubsection.5.1.3}{Gaussian elimination in general}{subsection.5.1}% 18
\BOOKMARK [3][-]{subsubsection.5.1.4}{LU decomposition}{subsection.5.1}% 19
\BOOKMARK [3][-]{subsubsection.5.1.5}{Comparison}{subsection.5.1}% 20
\BOOKMARK [2][-]{subsection.5.2}{Round-off error}{section.5}% 21
\BOOKMARK [1][-]{section.6}{Conclusion}{}% 22
